Release 14.7 - xst P.20131013 (nt64)
Copyright (c) 1995-2013 Xilinx, Inc.  All rights reserved.
--> Parameter TMPDIR set to xst/projnav.tmp


Total REAL time to Xst completion: 1.00 secs
Total CPU time to Xst completion: 0.11 secs
 
--> Parameter xsthdpdir set to xst


Total REAL time to Xst completion: 1.00 secs
Total CPU time to Xst completion: 0.11 secs
 
--> Reading design: irReceiver.prj

TABLE OF CONTENTS
  1) Synthesis Options Summary
  2) HDL Compilation
  3) Design Hierarchy Analysis
  4) HDL Analysis
  5) HDL Synthesis
     5.1) HDL Synthesis Report
  6) Advanced HDL Synthesis
     6.1) Advanced HDL Synthesis Report
  7) Low Level Synthesis
  8) Partition Report
  9) Final Report
	9.1) Device utilization summary
	9.2) Partition Resource Summary
	9.3) TIMING REPORT


=========================================================================
*                      Synthesis Options Summary                        *
=========================================================================
---- Source Parameters
Input File Name                    : "irReceiver.prj"
Input Format                       : mixed
Ignore Synthesis Constraint File   : NO

---- Target Parameters
Output File Name                   : "irReceiver"
Output Format                      : NGC
Target Device                      : xc3s400-5-pq208

---- Source Options
Top Module Name                    : irReceiver
Automatic FSM Extraction           : YES
FSM Encoding Algorithm             : Auto
Safe Implementation                : No
FSM Style                          : LUT
RAM Extraction                     : Yes
RAM Style                          : Auto
ROM Extraction                     : Yes
Mux Style                          : Auto
Decoder Extraction                 : YES
Priority Encoder Extraction        : Yes
Shift Register Extraction          : YES
Logical Shifter Extraction         : YES
XOR Collapsing                     : YES
ROM Style                          : Auto
Mux Extraction                     : Yes
Resource Sharing                   : YES
Asynchronous To Synchronous        : NO
Multiplier Style                   : Auto
Automatic Register Balancing       : No

---- Target Options
Add IO Buffers                     : YES
Global Maximum Fanout              : 100000
Add Generic Clock Buffer(BUFG)     : 8
Register Duplication               : YES
Slice Packing                      : YES
Optimize Instantiated Primitives   : NO
Use Clock Enable                   : Yes
Use Synchronous Set                : Yes
Use Synchronous Reset              : Yes
Pack IO Registers into IOBs        : Auto
Equivalent register Removal        : YES

---- General Options
Optimization Goal                  : Speed
Optimization Effort                : 1
Keep Hierarchy                     : No
Netlist Hierarchy                  : As_Optimized
RTL Output                         : Yes
Global Optimization                : AllClockNets
Read Cores                         : YES
Write Timing Constraints           : NO
Cross Clock Analysis               : NO
Hierarchy Separator                : /
Bus Delimiter                      : <>
Case Specifier                     : Maintain
Slice Utilization Ratio            : 100
BRAM Utilization Ratio             : 100
Verilog 2001                       : YES
Auto BRAM Packing                  : NO
Slice Utilization Ratio Delta      : 5

=========================================================================


=========================================================================
*                          HDL Compilation                              *
=========================================================================
Compiling vhdl file "C:/Users/Qazal/Desktop/project8/main.vhd" in Library work.
Entity <irreceiver> compiled.
Entity <irreceiver> (Architecture <behavioral>) compiled.

=========================================================================
*                     Design Hierarchy Analysis                         *
=========================================================================
Analyzing hierarchy for entity <irReceiver> in library <work> (architecture <behavioral>).


=========================================================================
*                            HDL Analysis                               *
=========================================================================
Analyzing Entity <irReceiver> in library <work> (Architecture <behavioral>).
Entity <irReceiver> analyzed. Unit <irReceiver> generated.


=========================================================================
*                           HDL Synthesis                               *
=========================================================================

Performing bidirectional port resolution...

Synthesizing Unit <irReceiver>.
    Related source file is "C:/Users/Qazal/Desktop/project8/main.vhd".
WARNING:Xst:646 - Signal <myData<1:0>> is assigned but never used. This unconnected signal will be trimmed during the optimization process.
    Using one-hot encoding for signal <ep>.
    Found 10-bit register for signal <frame>.
    Found 18-bit register for signal <cycleCounter>.
    Found 18-bit adder for signal <cycleCounter$share0000>.
    Found 1-bit register for signal <decoded>.
    Found 1-bit register for signal <failled>.
    Found 18-bit comparator less for signal <failled$cmp_lt0000> created at line 92.
    Found 18-bit comparator less for signal <failled$cmp_lt0001> created at line 95.
    Found 10-bit register for signal <myData<11:2>>.
    Found 18-bit comparator greater for signal <myData_2$cmp_gt0000> created at line 114.
    Found 5-bit register for signal <NB>.
    Found 4-bit adder for signal <NB$add0000> created at line 120.
    Found 5-bit comparator less for signal <NB$cmp_lt0000> created at line 105.
    Found 1-bit register for signal <started>.
    Found 1-bit register for signal <stored>.
    Found 1-bit register for signal <success>.
    Summary:
	inferred  48 D-type flip-flop(s).
	inferred   2 Adder/Subtractor(s).
	inferred   4 Comparator(s).
Unit <irReceiver> synthesized.

INFO:Xst:1767 - HDL ADVISOR - Resource sharing has identified that some arithmetic operations in this design can share the same physical resources for reduced device utilization. For improved clock frequency you may try to disable resource sharing.

=========================================================================
HDL Synthesis Report

Macro Statistics
# Adders/Subtractors                                   : 2
 18-bit adder                                          : 1
 4-bit adder                                           : 1
# Registers                                            : 18
 1-bit register                                        : 15
 10-bit register                                       : 1
 18-bit register                                       : 1
 5-bit register                                        : 1
# Comparators                                          : 4
 18-bit comparator greater                             : 1
 18-bit comparator less                                : 2
 5-bit comparator less                                 : 1

=========================================================================

=========================================================================
*                       Advanced HDL Synthesis                          *
=========================================================================


=========================================================================
Advanced HDL Synthesis Report

Macro Statistics
# Adders/Subtractors                                   : 2
 18-bit adder                                          : 1
 4-bit adder                                           : 1
# Registers                                            : 48
 Flip-Flops                                            : 48
# Comparators                                          : 4
 18-bit comparator greater                             : 1
 18-bit comparator less                                : 2
 5-bit comparator less                                 : 1

=========================================================================

=========================================================================
*                         Low Level Synthesis                           *
=========================================================================
WARNING:Xst:2170 - Unit irReceiver : the following signal(s) form a combinatorial loop: es<3>.
WARNING:Xst:2170 - Unit irReceiver : the following signal(s) form a combinatorial loop: es<1>.
WARNING:Xst:2170 - Unit irReceiver : the following signal(s) form a combinatorial loop: es<2>.
WARNING:Xst:2170 - Unit irReceiver : the following signal(s) form a combinatorial loop: es<0>.

Optimizing unit <irReceiver> ...

Mapping all equations...
Building and optimizing final netlist ...
Found area constraint ratio of 100 (+ 5) on block irReceiver, actual ratio is 1.

Final Macro Processing ...

=========================================================================
Final Register Report

Macro Statistics
# Registers                                            : 48
 Flip-Flops                                            : 48

=========================================================================

=========================================================================
*                           Partition Report                            *
=========================================================================

Partition Implementation Status
-------------------------------

  No Partitions were found in this design.

-------------------------------

=========================================================================
*                            Final Report                               *
=========================================================================
Final Results
RTL Top Level Output File Name     : irReceiver.ngr
Top Level Output File Name         : irReceiver
Output Format                      : NGC
Optimization Goal                  : Speed
Keep Hierarchy                     : No

Design Statistics
# IOs                              : 12

Cell Usage :
# BELS                             : 178
#      GND                         : 1
#      INV                         : 11
#      LUT1                        : 23
#      LUT2                        : 12
#      LUT2_L                      : 1
#      LUT3                        : 20
#      LUT3_D                      : 2
#      LUT3_L                      : 2
#      LUT4                        : 37
#      LUT4_D                      : 6
#      LUT4_L                      : 1
#      MUXCY                       : 42
#      MUXF5                       : 1
#      VCC                         : 1
#      XORCY                       : 18
# FlipFlops/Latches                : 48
#      FD                          : 22
#      FDE                         : 20
#      FDS                         : 4
#      FDSE                        : 2
# Clock Buffers                    : 1
#      BUFGP                       : 1
# IO Buffers                       : 11
#      IBUF                        : 1
#      OBUF                        : 10
=========================================================================

Device utilization summary:
---------------------------

Selected Device : 3s400pq208-5 

 Number of Slices:                       63  out of   3584     1%  
 Number of Slice Flip Flops:             48  out of   7168     0%  
 Number of 4 input LUTs:                115  out of   7168     1%  
 Number of IOs:                          12
 Number of bonded IOBs:                  12  out of    141     8%  
 Number of GCLKs:                         1  out of      8    12%  

---------------------------
Partition Resource Summary:
---------------------------

  No Partitions were found in this design.

---------------------------


=========================================================================
TIMING REPORT

NOTE: THESE TIMING NUMBERS ARE ONLY A SYNTHESIS ESTIMATE.
      FOR ACCURATE TIMING INFORMATION PLEASE REFER TO THE TRACE REPORT
      GENERATED AFTER PLACE-and-ROUTE.

Clock Information:
------------------
-----------------------------------+------------------------+-------+
Clock Signal                       | Clock buffer(FF name)  | Load  |
-----------------------------------+------------------------+-------+
clk_50                             | BUFGP                  | 48    |
-----------------------------------+------------------------+-------+

Asynchronous Control Signals Information:
----------------------------------------
No asynchronous control signals found in this design

Timing Summary:
---------------
Speed Grade: -5

   Minimum period: 12.372ns (Maximum Frequency: 80.828MHz)
   Minimum input arrival time before clock: 12.688ns
   Maximum output required time after clock: 6.216ns
   Maximum combinational path delay: No path found

Timing Detail:
--------------
All values displayed in nanoseconds (ns)

=========================================================================
Timing constraint: Default period analysis for Clock 'clk_50'
  Clock period: 12.372ns (frequency: 80.828MHz)
  Total number of paths / destination ports: 2062 / 76
-------------------------------------------------------------------------
Delay:               12.372ns (Levels of Logic = 9)
  Source:            failled (FF)
  Destination:       cycleCounter_0 (FF)
  Source Clock:      clk_50 rising
  Destination Clock: clk_50 rising

  Data Path: failled to cycleCounter_0
                                Gate     Net
    Cell:in->out      fanout   Delay   Delay  Logical Name (Net Name)
    ----------------------------------------  ------------
     FD:C->Q               5   0.626   0.953  failled (failled)
     LUT3:I1->O            1   0.479   0.000  es<1>1 (es<1>1)
     MUXF5:I1->O          16   0.314   1.110  es<1>_f5 (es<1>)
     LUT3_L:I2->LO         1   0.479   0.123  es<2>_SW0 (N42)
     LUT4_D:I3->O         15   0.479   1.033  es<2> (es<2>)
     LUT4:I3->O           13   0.479   1.053  es<3>1 (es<3>)
     LUT3:I2->O            1   0.479   0.976  es<0>5 (es<0>5)
     LUT2:I0->O           12   0.479   1.009  es<0>31 (es<0>)
     LUT4_D:I2->O         17   0.479   1.166  cycleCounter_mux0001<0>1 (N01)
     LUT4:I3->O            1   0.479   0.000  cycleCounter_mux0001<9>1 (cycleCounter_mux0001<9>)
     FD:D                      0.176          cycleCounter_8
    ----------------------------------------
    Total                     12.372ns (4.948ns logic, 7.424ns route)
                                       (40.0% logic, 60.0% route)

=========================================================================
Timing constraint: Default OFFSET IN BEFORE for Clock 'clk_50'
  Total number of paths / destination ports: 633 / 54
-------------------------------------------------------------------------
Offset:              12.688ns (Levels of Logic = 10)
  Source:            irSignal (PAD)
  Destination:       cycleCounter_0 (FF)
  Destination Clock: clk_50 rising

  Data Path: irSignal to cycleCounter_0
                                Gate     Net
    Cell:in->out      fanout   Delay   Delay  Logical Name (Net Name)
    ----------------------------------------  ------------
     IBUF:I->O            15   0.715   1.180  irSignal_IBUF (irSignal_IBUF)
     LUT4:I1->O            1   0.479   0.000  es<1>2 (es<1>2)
     MUXF5:I0->O          16   0.314   1.110  es<1>_f5 (es<1>)
     LUT3_L:I2->LO         1   0.479   0.123  es<2>_SW0 (N42)
     LUT4_D:I3->O         15   0.479   1.033  es<2> (es<2>)
     LUT4:I3->O           13   0.479   1.053  es<3>1 (es<3>)
     LUT3:I2->O            1   0.479   0.976  es<0>5 (es<0>5)
     LUT2:I0->O           12   0.479   1.009  es<0>31 (es<0>)
     LUT4_D:I2->O         17   0.479   1.166  cycleCounter_mux0001<0>1 (N01)
     LUT4:I3->O            1   0.479   0.000  cycleCounter_mux0001<9>1 (cycleCounter_mux0001<9>)
     FD:D                      0.176          cycleCounter_8
    ----------------------------------------
    Total                     12.688ns (5.037ns logic, 7.651ns route)
                                       (39.7% logic, 60.3% route)

=========================================================================
Timing constraint: Default OFFSET OUT AFTER for Clock 'clk_50'
  Total number of paths / destination ports: 10 / 10
-------------------------------------------------------------------------
Offset:              6.216ns (Levels of Logic = 1)
  Source:            frame_9 (FF)
  Destination:       frame<9> (PAD)
  Source Clock:      clk_50 rising

  Data Path: frame_9 to frame<9>
                                Gate     Net
    Cell:in->out      fanout   Delay   Delay  Logical Name (Net Name)
    ----------------------------------------  ------------
     FDE:C->Q              1   0.626   0.681  frame_9 (frame_9)
     OBUF:I->O                 4.909          frame_9_OBUF (frame<9>)
    ----------------------------------------
    Total                      6.216ns (5.535ns logic, 0.681ns route)
                                       (89.0% logic, 11.0% route)

=========================================================================


Total REAL time to Xst completion: 5.00 secs
Total CPU time to Xst completion: 4.65 secs
 
--> 

Total memory usage is 269344 kilobytes

Number of errors   :    0 (   0 filtered)
Number of warnings :    5 (   0 filtered)
Number of infos    :    1 (   0 filtered)

